<?xml version="1.0" encoding="UTF-8"?>
<testng-results ignored="0" total="17" passed="17" failed="0" skipped="0">
  <reporter-output>
  </reporter-output>
  <suite started-at="2022-11-11T16:56:46Z" name="FinalProject" finished-at="2022-11-11T17:03:17Z" duration-ms="391625">
    <groups>
    </groups>
    <test started-at="2022-11-11T16:56:46Z" name="FinalProject Test" finished-at="2022-11-11T17:03:17Z" duration-ms="391625">
      <class name="com.finalProject.testCases.TC_CreateOrderDDT_009">
        <test-method is-config="true" signature="setup(java.lang.String)[pri:0, instance:com.finalProject.testCases.TC_CreateOrderDDT_009@6f6745d6]" started-at="2022-11-11T17:01:41Z" name="setup" finished-at="2022-11-11T17:01:44Z" duration-ms="2584" status="PASS">
          <params>
            <param index="0">
              <value>
                <![CDATA[chrome]]>
              </value>
            </param>
          </params>
          <reporter-output>
          </reporter-output>
        </test-method> <!-- setup -->
        <test-method signature="createDDT(java.lang.String, java.lang.String)[pri:0, instance:com.finalProject.testCases.TC_CreateOrderDDT_009@6f6745d6]" started-at="2022-11-11T17:01:44Z" name="createDDT" data-provider="SearchData" finished-at="2022-11-11T17:02:04Z" duration-ms="19760" status="PASS">
          <params>
            <param index="0">
              <value>
                <![CDATA[Digital Storm VANQUISH 3 Custom Performance PC ]]>
              </value>
            </param>
            <param index="1">
              <value>
                <![CDATA[]]>
              </value>
            </param>
          </params>
          <reporter-output>
          </reporter-output>
        </test-method> <!-- createDDT -->
        <test-method signature="createDDT(java.lang.String, java.lang.String)[pri:0, instance:com.finalProject.testCases.TC_CreateOrderDDT_009@6f6745d6]" started-at="2022-11-11T17:02:04Z" name="createDDT" data-provider="SearchData" finished-at="2022-11-11T17:02:17Z" duration-ms="13382" status="PASS">
          <params>
            <param index="0">
              <value>
                <![CDATA[Lenovo IdeaCentre 600 All-in-One PC]]>
              </value>
            </param>
            <param index="1">
              <value>
                <![CDATA[]]>
              </value>
            </param>
          </params>
          <reporter-output>
          </reporter-output>
        </test-method> <!-- createDDT -->
        <test-method signature="createDDT(java.lang.String, java.lang.String)[pri:0, instance:com.finalProject.testCases.TC_CreateOrderDDT_009@6f6745d6]" started-at="2022-11-11T17:02:17Z" name="createDDT" data-provider="SearchData" finished-at="2022-11-11T17:02:30Z" duration-ms="12878" status="PASS">
          <params>
            <param index="0">
              <value>
                <![CDATA[Asus N551JK-XO076H Laptop]]>
              </value>
            </param>
            <param index="1">
              <value>
                <![CDATA[]]>
              </value>
            </param>
          </params>
          <reporter-output>
          </reporter-output>
        </test-method> <!-- createDDT -->
        <test-method signature="createDDT(java.lang.String, java.lang.String)[pri:0, instance:com.finalProject.testCases.TC_CreateOrderDDT_009@6f6745d6]" started-at="2022-11-11T17:02:30Z" name="createDDT" data-provider="SearchData" finished-at="2022-11-11T17:02:46Z" duration-ms="15218" status="PASS">
          <params>
            <param index="0">
              <value>
                <![CDATA[HP Spectre XT Pro UltraBook1]]>
              </value>
            </param>
            <param index="1">
              <value>
                <![CDATA[]]>
              </value>
            </param>
          </params>
          <reporter-output>
          </reporter-output>
        </test-method> <!-- createDDT -->
        <test-method is-config="true" signature="tearDown()[pri:0, instance:com.finalProject.testCases.TC_CreateOrderDDT_009@6f6745d6]" started-at="2022-11-11T17:02:46Z" name="tearDown" finished-at="2022-11-11T17:02:46Z" duration-ms="1" status="PASS">
          <reporter-output>
          </reporter-output>
        </test-method> <!-- tearDown -->
      </class> <!-- com.finalProject.testCases.TC_CreateOrderDDT_009 -->
      <class name="com.finalProject.testCases.TC_LoginDDT_002">
        <test-method is-config="true" signature="setup(java.lang.String)[pri:0, instance:com.finalProject.testCases.TC_LoginDDT_002@79c97cb]" started-at="2022-11-11T16:57:07Z" name="setup" finished-at="2022-11-11T16:57:09Z" duration-ms="2127" status="PASS">
          <params>
            <param index="0">
              <value>
                <![CDATA[chrome]]>
              </value>
            </param>
          </params>
          <reporter-output>
          </reporter-output>
        </test-method> <!-- setup -->
        <test-method signature="loginDDT(java.lang.String, java.lang.String, java.lang.String)[pri:0, instance:com.finalProject.testCases.TC_LoginDDT_002@79c97cb]" started-at="2022-11-11T16:57:10Z" name="loginDDT" data-provider="LoginData" finished-at="2022-11-11T16:57:13Z" duration-ms="3081" status="PASS">
          <params>
            <param index="0">
              <value>
                <![CDATA[mngr164225@gmail.com]]>
              </value>
            </param>
            <param index="1">
              <value>
                <![CDATA[jahetAp]]>
              </value>
            </param>
            <param index="2">
              <value>
                <![CDATA[]]>
              </value>
            </param>
          </params>
          <reporter-output>
          </reporter-output>
        </test-method> <!-- loginDDT -->
        <test-method signature="loginDDT(java.lang.String, java.lang.String, java.lang.String)[pri:0, instance:com.finalProject.testCases.TC_LoginDDT_002@79c97cb]" started-at="2022-11-11T16:57:13Z" name="loginDDT" data-provider="LoginData" finished-at="2022-11-11T16:57:15Z" duration-ms="2340" status="PASS">
          <params>
            <param index="0">
              <value>
                <![CDATA[mngr425559@gmail.com]]>
              </value>
            </param>
            <param index="1">
              <value>
                <![CDATA[napasAn]]>
              </value>
            </param>
            <param index="2">
              <value>
                <![CDATA[]]>
              </value>
            </param>
          </params>
          <reporter-output>
          </reporter-output>
        </test-method> <!-- loginDDT -->
        <test-method signature="loginDDT(java.lang.String, java.lang.String, java.lang.String)[pri:0, instance:com.finalProject.testCases.TC_LoginDDT_002@79c97cb]" started-at="2022-11-11T16:57:15Z" name="loginDDT" data-provider="LoginData" finished-at="2022-11-11T16:57:18Z" duration-ms="2501" status="PASS">
          <params>
            <param index="0">
              <value>
                <![CDATA[mngr137319@gmail.com]]>
              </value>
            </param>
            <param index="1">
              <value>
                <![CDATA[bAdYvyb]]>
              </value>
            </param>
            <param index="2">
              <value>
                <![CDATA[]]>
              </value>
            </param>
          </params>
          <reporter-output>
          </reporter-output>
        </test-method> <!-- loginDDT -->
        <test-method signature="loginDDT(java.lang.String, java.lang.String, java.lang.String)[pri:0, instance:com.finalProject.testCases.TC_LoginDDT_002@79c97cb]" started-at="2022-11-11T16:57:18Z" name="loginDDT" data-provider="LoginData" finished-at="2022-11-11T16:57:20Z" duration-ms="2487" status="PASS">
          <params>
            <param index="0">
              <value>
                <![CDATA[ileJiv@gmail.com]]>
              </value>
            </param>
            <param index="1">
              <value>
                <![CDATA[eaWLaLubwj]]>
              </value>
            </param>
            <param index="2">
              <value>
                <![CDATA[]]>
              </value>
            </param>
          </params>
          <reporter-output>
          </reporter-output>
        </test-method> <!-- loginDDT -->
        <test-method signature="loginDDT(java.lang.String, java.lang.String, java.lang.String)[pri:0, instance:com.finalProject.testCases.TC_LoginDDT_002@79c97cb]" started-at="2022-11-11T16:57:20Z" name="loginDDT" data-provider="LoginData" finished-at="2022-11-11T16:57:23Z" duration-ms="2310" status="PASS">
          <params>
            <param index="0">
              <value>
                <![CDATA[mngr112909@gmail.com]]>
              </value>
            </param>
            <param index="1">
              <value>
                <![CDATA[tytUreg]]>
              </value>
            </param>
            <param index="2">
              <value>
                <![CDATA[]]>
              </value>
            </param>
          </params>
          <reporter-output>
          </reporter-output>
        </test-method> <!-- loginDDT -->
        <test-method is-config="true" signature="tearDown()[pri:0, instance:com.finalProject.testCases.TC_LoginDDT_002@79c97cb]" started-at="2022-11-11T16:57:23Z" name="tearDown" finished-at="2022-11-11T16:57:23Z" duration-ms="2" status="PASS">
          <reporter-output>
          </reporter-output>
        </test-method> <!-- tearDown -->
      </class> <!-- com.finalProject.testCases.TC_LoginDDT_002 -->
      <class name="com.finalProject.testCases.TC_LoginTest_001">
        <test-method is-config="true" signature="setup(java.lang.String)[pri:0, instance:com.finalProject.testCases.TC_LoginTest_001@29a5f4e7]" started-at="2022-11-11T16:56:58Z" name="setup" finished-at="2022-11-11T16:57:00Z" duration-ms="2005" status="PASS">
          <params>
            <param index="0">
              <value>
                <![CDATA[chrome]]>
              </value>
            </param>
          </params>
          <reporter-output>
          </reporter-output>
        </test-method> <!-- setup -->
        <test-method signature="loginTest()[pri:0, instance:com.finalProject.testCases.TC_LoginTest_001@29a5f4e7]" started-at="2022-11-11T16:57:00Z" name="loginTest" finished-at="2022-11-11T16:57:07Z" duration-ms="6791" status="PASS">
          <reporter-output>
          </reporter-output>
        </test-method> <!-- loginTest -->
        <test-method is-config="true" signature="tearDown()[pri:0, instance:com.finalProject.testCases.TC_LoginTest_001@29a5f4e7]" started-at="2022-11-11T16:57:07Z" name="tearDown" finished-at="2022-11-11T16:57:07Z" duration-ms="1" status="PASS">
          <reporter-output>
          </reporter-output>
        </test-method> <!-- tearDown -->
      </class> <!-- com.finalProject.testCases.TC_LoginTest_001 -->
      <class name="com.finalProject.testCases.TC_AddAddressesCustomerPage_005">
        <test-method is-config="true" signature="setup(java.lang.String)[pri:0, instance:com.finalProject.testCases.TC_AddAddressesCustomerPage_005@42a15bdc]" started-at="2022-11-11T16:58:07Z" name="setup" finished-at="2022-11-11T16:58:09Z" duration-ms="1664" status="PASS">
          <params>
            <param index="0">
              <value>
                <![CDATA[chrome]]>
              </value>
            </param>
          </params>
          <reporter-output>
          </reporter-output>
        </test-method> <!-- setup -->
        <test-method signature="addAddressesCustomer()[pri:0, instance:com.finalProject.testCases.TC_AddAddressesCustomerPage_005@42a15bdc]" started-at="2022-11-11T16:58:09Z" name="addAddressesCustomer" finished-at="2022-11-11T16:59:39Z" duration-ms="90095" status="PASS">
          <reporter-output>
          </reporter-output>
        </test-method> <!-- addAddressesCustomer -->
        <test-method signature="addAddressesIfExitsCustomer()[pri:0, instance:com.finalProject.testCases.TC_AddAddressesCustomerPage_005@42a15bdc]" started-at="2022-11-11T16:59:39Z" name="addAddressesIfExitsCustomer" finished-at="2022-11-11T17:01:07Z" duration-ms="88803" status="PASS">
          <reporter-output>
          </reporter-output>
        </test-method> <!-- addAddressesIfExitsCustomer -->
        <test-method is-config="true" signature="tearDown()[pri:0, instance:com.finalProject.testCases.TC_AddAddressesCustomerPage_005@42a15bdc]" started-at="2022-11-11T17:01:07Z" name="tearDown" finished-at="2022-11-11T17:01:07Z" duration-ms="1" status="PASS">
          <reporter-output>
          </reporter-output>
        </test-method> <!-- tearDown -->
      </class> <!-- com.finalProject.testCases.TC_AddAddressesCustomerPage_005 -->
      <class name="com.finalProject.testCases.TC_DigitalDownloadsTest_011">
        <test-method is-config="true" signature="setup(java.lang.String)[pri:0, instance:com.finalProject.testCases.TC_DigitalDownloadsTest_011@44a59da3]" started-at="2022-11-11T17:01:07Z" name="setup" finished-at="2022-11-11T17:01:10Z" duration-ms="2311" status="PASS">
          <params>
            <param index="0">
              <value>
                <![CDATA[chrome]]>
              </value>
            </param>
          </params>
          <reporter-output>
          </reporter-output>
        </test-method> <!-- setup -->
        <test-method signature="digitalDownloads()[pri:0, instance:com.finalProject.testCases.TC_DigitalDownloadsTest_011@44a59da3]" started-at="2022-11-11T17:01:10Z" name="digitalDownloads" finished-at="2022-11-11T17:01:30Z" duration-ms="20687" status="PASS">
          <reporter-output>
          </reporter-output>
        </test-method> <!-- digitalDownloads -->
        <test-method is-config="true" signature="tearDown()[pri:0, instance:com.finalProject.testCases.TC_DigitalDownloadsTest_011@44a59da3]" started-at="2022-11-11T17:01:30Z" name="tearDown" finished-at="2022-11-11T17:01:30Z" duration-ms="1" status="PASS">
          <reporter-output>
          </reporter-output>
        </test-method> <!-- tearDown -->
      </class> <!-- com.finalProject.testCases.TC_DigitalDownloadsTest_011 -->
      <class name="com.finalProject.testCases.TC_ContactUsTest_012">
        <test-method is-config="true" signature="setup(java.lang.String)[pri:0, instance:com.finalProject.testCases.TC_ContactUsTest_012@27e47833]" started-at="2022-11-11T17:01:30Z" name="setup" finished-at="2022-11-11T17:01:33Z" duration-ms="2417" status="PASS">
          <params>
            <param index="0">
              <value>
                <![CDATA[chrome]]>
              </value>
            </param>
          </params>
          <reporter-output>
          </reporter-output>
        </test-method> <!-- setup -->
        <test-method signature="contactUs()[pri:0, instance:com.finalProject.testCases.TC_ContactUsTest_012@27e47833]" started-at="2022-11-11T17:01:33Z" name="contactUs" finished-at="2022-11-11T17:01:41Z" duration-ms="8523" status="PASS">
          <reporter-output>
          </reporter-output>
        </test-method> <!-- contactUs -->
        <test-method is-config="true" signature="tearDown()[pri:0, instance:com.finalProject.testCases.TC_ContactUsTest_012@27e47833]" started-at="2022-11-11T17:01:41Z" name="tearDown" finished-at="2022-11-11T17:01:41Z" duration-ms="1" status="PASS">
          <reporter-output>
          </reporter-output>
        </test-method> <!-- tearDown -->
      </class> <!-- com.finalProject.testCases.TC_ContactUsTest_012 -->
      <class name="com.finalProject.testCases.TC_AddCustomerTest_003">
        <test-method is-config="true" signature="setup(java.lang.String)[pri:0, instance:com.finalProject.testCases.TC_AddCustomerTest_003@52e7a6b2]" started-at="2022-11-11T16:56:46Z" name="setup" finished-at="2022-11-11T16:56:49Z" duration-ms="3360" status="PASS">
          <params>
            <param index="0">
              <value>
                <![CDATA[chrome]]>
              </value>
            </param>
          </params>
          <reporter-output>
          </reporter-output>
        </test-method> <!-- setup -->
        <test-method signature="addCustomer()[pri:0, instance:com.finalProject.testCases.TC_AddCustomerTest_003@52e7a6b2]" started-at="2022-11-11T16:56:49Z" name="addCustomer" finished-at="2022-11-11T16:56:58Z" duration-ms="9062" status="PASS">
          <reporter-output>
          </reporter-output>
        </test-method> <!-- addCustomer -->
        <test-method is-config="true" signature="tearDown()[pri:0, instance:com.finalProject.testCases.TC_AddCustomerTest_003@52e7a6b2]" started-at="2022-11-11T16:56:58Z" name="tearDown" finished-at="2022-11-11T16:56:58Z" duration-ms="2" status="PASS">
          <reporter-output>
          </reporter-output>
        </test-method> <!-- tearDown -->
      </class> <!-- com.finalProject.testCases.TC_AddCustomerTest_003 -->
      <class name="com.finalProject.testCases.TC_EditCustomerTest_004">
        <test-method is-config="true" signature="setup(java.lang.String)[pri:0, instance:com.finalProject.testCases.TC_EditCustomerTest_004@2d9caaeb]" started-at="2022-11-11T16:57:23Z" name="setup" finished-at="2022-11-11T16:57:25Z" duration-ms="2009" status="PASS">
          <params>
            <param index="0">
              <value>
                <![CDATA[chrome]]>
              </value>
            </param>
          </params>
          <reporter-output>
          </reporter-output>
        </test-method> <!-- setup -->
        <test-method signature="editCustomer()[pri:0, instance:com.finalProject.testCases.TC_EditCustomerTest_004@2d9caaeb]" started-at="2022-11-11T16:57:25Z" name="editCustomer" finished-at="2022-11-11T16:58:07Z" duration-ms="42115" status="PASS">
          <reporter-output>
          </reporter-output>
        </test-method> <!-- editCustomer -->
        <test-method is-config="true" signature="tearDown()[pri:0, instance:com.finalProject.testCases.TC_EditCustomerTest_004@2d9caaeb]" started-at="2022-11-11T16:58:07Z" name="tearDown" finished-at="2022-11-11T16:58:07Z" duration-ms="1" status="PASS">
          <reporter-output>
          </reporter-output>
        </test-method> <!-- tearDown -->
      </class> <!-- com.finalProject.testCases.TC_EditCustomerTest_004 -->
      <class name="com.finalProject.testCases.TC_WishListTest_010">
        <test-method is-config="true" signature="setup(java.lang.String)[pri:0, instance:com.finalProject.testCases.TC_WishListTest_010@27508c5d]" started-at="2022-11-11T17:02:46Z" name="setup" finished-at="2022-11-11T17:02:47Z" duration-ms="1795" status="PASS">
          <params>
            <param index="0">
              <value>
                <![CDATA[chrome]]>
              </value>
            </param>
          </params>
          <reporter-output>
          </reporter-output>
        </test-method> <!-- setup -->
        <test-method signature="addNewAccount()[pri:0, instance:com.finalProject.testCases.TC_WishListTest_010@27508c5d]" started-at="2022-11-11T17:02:47Z" name="addNewAccount" finished-at="2022-11-11T17:03:17Z" duration-ms="29964" status="PASS">
          <reporter-output>
          </reporter-output>
        </test-method> <!-- addNewAccount -->
        <test-method is-config="true" signature="tearDown()[pri:0, instance:com.finalProject.testCases.TC_WishListTest_010@27508c5d]" started-at="2022-11-11T17:03:17Z" name="tearDown" finished-at="2022-11-11T17:03:17Z" duration-ms="1" status="PASS">
          <reporter-output>
          </reporter-output>
        </test-method> <!-- tearDown -->
      </class> <!-- com.finalProject.testCases.TC_WishListTest_010 -->
    </test> <!-- FinalProject Test -->
  </suite> <!-- FinalProject -->
</testng-results>
