<?xml version="1.0" encoding="UTF-8"?>
<!-- Generated by org.testng.reporters.JUnitXMLReporter -->
<testsuite ignored="0" hostname="LAPTOP-PBRMB58U" failures="0" tests="17" name="FinalProject Test" time="345.908" errors="0" timestamp="10 Nov 2022 19:05:17 GMT">
  <testcase classname="com.finalProject.testCases.TC_AddCustomerTest_003" name="addCustomer" time="6.817"/>
  <testcase classname="com.finalProject.testCases.TC_LoginTest_001" name="loginTest" time="7.062"/>
  <testcase classname="com.finalProject.testCases.TC_LoginDDT_002" name="loginDDT" time="2.023"/>
  <testcase classname="com.finalProject.testCases.TC_LoginDDT_002" name="loginDDT" time="1.851"/>
  <testcase classname="com.finalProject.testCases.TC_LoginDDT_002" name="loginDDT" time="2.028"/>
  <testcase classname="com.finalProject.testCases.TC_LoginDDT_002" name="loginDDT" time="1.875"/>
  <testcase classname="com.finalProject.testCases.TC_LoginDDT_002" name="loginDDT" time="2.052"/>
  <testcase classname="com.finalProject.testCases.TC_EditCustomerTest_004" name="editCustomer" time="38.054"/>
  <testcase classname="com.finalProject.testCases.TC_AddAddressesCustomerPage_005" name="addAddressesCustomer" time="79.464"/>
  <testcase classname="com.finalProject.testCases.TC_AddAddressesCustomerPage_005" name="addAddressesIfExitsCustomer" time="79.861"/>
  <testcase classname="com.finalProject.testCases.TC_DigitalDownloadsTest_011" name="digitalDownloads" time="15.196"/>
  <testcase classname="com.finalProject.testCases.TC_ContactUsTest_012" name="contactUs" time="10.415"/>
  <testcase classname="com.finalProject.testCases.TC_CreateOrderDDT_009" name="createDDT" time="19.84"/>
  <testcase classname="com.finalProject.testCases.TC_CreateOrderDDT_009" name="createDDT" time="12.067"/>
  <testcase classname="com.finalProject.testCases.TC_CreateOrderDDT_009" name="createDDT" time="11.698"/>
  <testcase classname="com.finalProject.testCases.TC_CreateOrderDDT_009" name="createDDT" time="14.707"/>
  <testcase classname="com.finalProject.testCases.TC_WishListTest_010" name="addNewAccount" time="24.847"/>
</testsuite> <!-- FinalProject Test -->
