<?xml version="1.0" encoding="UTF-8"?>
<!-- Generated by org.testng.reporters.JUnitXMLReporter -->
<testsuite ignored="0" hostname="LAPTOP-PBRMB58U" failures="0" tests="17" name="FinalProject Test" time="391.625" errors="0" timestamp="11 Nov 2022 17:03:17 GMT">
  <testcase classname="com.finalProject.testCases.TC_AddCustomerTest_003" name="addCustomer" time="9.062"/>
  <testcase classname="com.finalProject.testCases.TC_LoginTest_001" name="loginTest" time="6.791"/>
  <testcase classname="com.finalProject.testCases.TC_LoginDDT_002" name="loginDDT" time="3.081"/>
  <testcase classname="com.finalProject.testCases.TC_LoginDDT_002" name="loginDDT" time="2.34"/>
  <testcase classname="com.finalProject.testCases.TC_LoginDDT_002" name="loginDDT" time="2.501"/>
  <testcase classname="com.finalProject.testCases.TC_LoginDDT_002" name="loginDDT" time="2.487"/>
  <testcase classname="com.finalProject.testCases.TC_LoginDDT_002" name="loginDDT" time="2.31"/>
  <testcase classname="com.finalProject.testCases.TC_EditCustomerTest_004" name="editCustomer" time="42.115"/>
  <testcase classname="com.finalProject.testCases.TC_AddAddressesCustomerPage_005" name="addAddressesCustomer" time="90.095"/>
  <testcase classname="com.finalProject.testCases.TC_AddAddressesCustomerPage_005" name="addAddressesIfExitsCustomer" time="88.803"/>
  <testcase classname="com.finalProject.testCases.TC_DigitalDownloadsTest_011" name="digitalDownloads" time="20.687"/>
  <testcase classname="com.finalProject.testCases.TC_ContactUsTest_012" name="contactUs" time="8.523"/>
  <testcase classname="com.finalProject.testCases.TC_CreateOrderDDT_009" name="createDDT" time="19.76"/>
  <testcase classname="com.finalProject.testCases.TC_CreateOrderDDT_009" name="createDDT" time="13.382"/>
  <testcase classname="com.finalProject.testCases.TC_CreateOrderDDT_009" name="createDDT" time="12.878"/>
  <testcase classname="com.finalProject.testCases.TC_CreateOrderDDT_009" name="createDDT" time="15.218"/>
  <testcase classname="com.finalProject.testCases.TC_WishListTest_010" name="addNewAccount" time="29.964"/>
</testsuite> <!-- FinalProject Test -->
